<?xml version="1.0" encoding="UTF-8"?>
<testsuites name="testVimeo" time="7.755" tests="2" failures="0" errors="1">
   <testsuite name="testVimeo" tests="2" failures="0" errors="1" time="7.755" skipped="0" timestamp="2021-10-16 15:29:53" hostname="linor - LAPTOP-5M3F2CK6" id="Test Suites/testVimeo">
      <properties>
         <property name="deviceName" value=""/>
         <property name="devicePlatform" value=""/>
         <property name="logFolder" value="C:\\Users\\linor\\git\\QAvimeo\\Reports\\20211016_152949\\testVimeo\\20211016_152950"/>
         <property name="logFiles" value="C:\\Users\\linor\\git\\QAvimeo\\Reports\\20211016_152949\\testVimeo\\20211016_152950\\execution0.log"/>
         <property name="attachments" value=""/>
         <property name="hostName" value="linor - LAPTOP-5M3F2CK6"/>
         <property name="os" value="Windows 10 64bit"/>
         <property name="katalonVersion" value="8.1.0.208"/>
         <property name="browser" value="Chrome 94.0.4606.81"/>
         <property name="hostAddress" value="192.168.1.23"/>
         <property name="sessionId" value="fb203263a476ed19e3af930738f2888d"/>
         <property name="seleniumVersion" value="3.141.59"/>
         <property name="proxyInformation" value="ProxyInformation { proxyOption=NO_PROXY, proxyServerType=HTTP, username=, password=********, proxyServerAddress=, proxyServerPort=0, executionList=&quot;&quot;, isApplyToDesiredCapabilities=true }"/>
         <property name="platform" value="Windows 10"/>
      </properties>
      <testcase name="Test Cases/openBrowser" time="5.226" classname="Test Cases/openBrowser" status="PASSED">
         <system-out><![CDATA[2021-10-16 15:29:53 - [TEST_CASE][PASSED] - Test Cases/openBrowser: Test Cases/openBrowser

2021-10-16 15:29:54 - [TEST_STEP][PASSED] - openBrowser(webBrowser): Browser is opened with url: 'https://vimeo.com/'

2021-10-16 15:29:55 - [MESSAGE][INFO] - Starting 'Chrome' driver

2021-10-16 15:29:55 - [MESSAGE][INFO] - Action delay is set to 0 milliseconds

2021-10-16 15:29:58 - [MESSAGE][PASSED] - Browser is opened with url: 'https://vimeo.com/'

2021-10-16 15:29:58 - [TEST_STEP][PASSED] - maximizeWindow(): Current window maximized

2021-10-16 15:29:59 - [MESSAGE][PASSED] - Current window maximized

2021-10-16 15:29:59 - [TEST_STEP][PASSED] - verifyMatch(getWindowTitle(), "Vimeo | The world's only all-in-one video solution", false): Actual text 'Vimeo | The world's only all-in-one video solution' and expected text 'Vimeo | The world's only all-in-one video solution' are matched 

2021-10-16 15:29:59 - [MESSAGE][PASSED] - Current window's title is: 'Vimeo | The world's only all-in-one video solution'

2021-10-16 15:29:59 - [MESSAGE][PASSED] - Actual text 'Vimeo | The world's only all-in-one video solution' and expected text 'Vimeo | The world's only all-in-one video solution' are matched 

2021-10-16 15:29:59 - [TEST_STEP][PASSED] - driver = getWebDriver(): null]]></system-out>
         <system-err><![CDATA[]]></system-err>
      </testcase>
      <testcase name="Test Cases/loginTest" time="0.027" classname="Test Cases/loginTest" status="ERROR">
         <error type="ERROR" message="Test Cases/loginTest FAILED.
Reason:
groovy.lang.MissingPropertyException: No such property: driver for class: Script1634239580769
	at loginTest.run(loginTest:46)
	at com.kms.katalon.core.main.ScriptEngine.run(ScriptEngine.java:194)
	at com.kms.katalon.core.main.ScriptEngine.runScriptAsRawText(ScriptEngine.java:119)
	at com.kms.katalon.core.main.TestCaseExecutor.runScript(TestCaseExecutor.java:430)
	at com.kms.katalon.core.main.TestCaseExecutor.doExecute(TestCaseExecutor.java:421)
	at com.kms.katalon.core.main.TestCaseExecutor.processExecutionPhase(TestCaseExecutor.java:400)
	at com.kms.katalon.core.main.TestCaseExecutor.accessMainPhase(TestCaseExecutor.java:392)
	at com.kms.katalon.core.main.TestCaseExecutor.execute(TestCaseExecutor.java:273)
	at com.kms.katalon.core.main.TestCaseExecutor.execute(TestCaseExecutor.java:351)
	at com.kms.katalon.core.main.TestCaseExecutor.execute(TestCaseExecutor.java:351)
	at com.kms.katalon.core.main.TestCaseExecutor.execute(TestCaseExecutor.java:351)
	at com.kms.katalon.core.main.TestSuiteExecutor.accessTestCaseMainPhase(TestSuiteExecutor.java:202)
	at com.kms.katalon.core.main.TestSuiteExecutor.accessTestSuiteMainPhase(TestSuiteExecutor.java:164)
	at com.kms.katalon.core.main.TestSuiteExecutor.execute(TestSuiteExecutor.java:105)
	at com.kms.katalon.core.main.TestCaseMain.startTestSuite(TestCaseMain.java:185)
	at com.kms.katalon.core.main.TestCaseMain$startTestSuite$0.call(Unknown Source)
	at TempTestSuite1634387390805.run(TempTestSuite1634387390805.groovy:36)
"/>
         <system-out><![CDATA[2021-10-16 15:29:59 - [TEST_CASE][ERROR] - Test Cases/loginTest: Test Cases/loginTest FAILED.
Reason:
groovy.lang.MissingPropertyException: No such property: driver for class: Script1634239580769
	at loginTest.run(loginTest:46)
	at com.kms.katalon.core.main.ScriptEngine.run(ScriptEngine.java:194)
	at com.kms.katalon.core.main.ScriptEngine.runScriptAsRawText(ScriptEngine.java:119)
	at com.kms.katalon.core.main.TestCaseExecutor.runScript(TestCaseExecutor.java:430)
	at com.kms.katalon.core.main.TestCaseExecutor.doExecute(TestCaseExecutor.java:421)
	at com.kms.katalon.core.main.TestCaseExecutor.processExecutionPhase(TestCaseExecutor.java:400)
	at com.kms.katalon.core.main.TestCaseExecutor.accessMainPhase(TestCaseExecutor.java:392)
	at com.kms.katalon.core.main.TestCaseExecutor.execute(TestCaseExecutor.java:273)
	at com.kms.katalon.core.main.TestCaseExecutor.execute(TestCaseExecutor.java:351)
	at com.kms.katalon.core.main.TestCaseExecutor.execute(TestCaseExecutor.java:351)
	at com.kms.katalon.core.main.TestCaseExecutor.execute(TestCaseExecutor.java:351)
	at com.kms.katalon.core.main.TestSuiteExecutor.accessTestCaseMainPhase(TestSuiteExecutor.java:202)
	at com.kms.katalon.core.main.TestSuiteExecutor.accessTestSuiteMainPhase(TestSuiteExecutor.java:164)
	at com.kms.katalon.core.main.TestSuiteExecutor.execute(TestSuiteExecutor.java:105)
	at com.kms.katalon.core.main.TestCaseMain.startTestSuite(TestCaseMain.java:185)
	at com.kms.katalon.core.main.TestCaseMain$startTestSuite$0.call(Unknown Source)
	at TempTestSuite1634387390805.run(TempTestSuite1634387390805.groovy:36)


2021-10-16 15:29:59 - [TEST_STEP][PASSED] - VIDEO_SELECTOR = String.format("a[href="%s"]", videoUrl): null

2021-10-16 15:29:59 - [TEST_STEP][PASSED] - SECOND_VIDEO_SELECTOR = String.format("a[href="%s"]", secondVideoUrl): null

2021-10-16 15:29:59 - [TEST_STEP][ERROR] - login = driver.findElement(By.className("js-topnav_menu_auth")): Test Cases/loginTest FAILED.
Reason:
groovy.lang.MissingPropertyException: No such property: driver for class: Script1634239580769
	at loginTest.run(loginTest:46)
	at com.kms.katalon.core.main.ScriptEngine.run(ScriptEngine.java:194)
	at com.kms.katalon.core.main.ScriptEngine.runScriptAsRawText(ScriptEngine.java:119)
	at com.kms.katalon.core.main.TestCaseExecutor.runScript(TestCaseExecutor.java:430)
	at com.kms.katalon.core.main.TestCaseExecutor.doExecute(TestCaseExecutor.java:421)
	at com.kms.katalon.core.main.TestCaseExecutor.processExecutionPhase(TestCaseExecutor.java:400)
	at com.kms.katalon.core.main.TestCaseExecutor.accessMainPhase(TestCaseExecutor.java:392)
	at com.kms.katalon.core.main.TestCaseExecutor.execute(TestCaseExecutor.java:273)
	at com.kms.katalon.core.main.TestCaseExecutor.execute(TestCaseExecutor.java:351)
	at com.kms.katalon.core.main.TestCaseExecutor.execute(TestCaseExecutor.java:351)
	at com.kms.katalon.core.main.TestCaseExecutor.execute(TestCaseExecutor.java:351)
	at com.kms.katalon.core.main.TestSuiteExecutor.accessTestCaseMainPhase(TestSuiteExecutor.java:202)
	at com.kms.katalon.core.main.TestSuiteExecutor.accessTestSuiteMainPhase(TestSuiteExecutor.java:164)
	at com.kms.katalon.core.main.TestSuiteExecutor.execute(TestSuiteExecutor.java:105)
	at com.kms.katalon.core.main.TestCaseMain.startTestSuite(TestCaseMain.java:185)
	at com.kms.katalon.core.main.TestCaseMain$startTestSuite$0.call(Unknown Source)
	at TempTestSuite1634387390805.run(TempTestSuite1634387390805.groovy:36)


2021-10-16 15:29:59 - [MESSAGE][ERROR] - Test Cases/loginTest FAILED.
Reason:
groovy.lang.MissingPropertyException: No such property: driver for class: Script1634239580769
	at loginTest.run(loginTest:46)
	at com.kms.katalon.core.main.ScriptEngine.run(ScriptEngine.java:194)
	at com.kms.katalon.core.main.ScriptEngine.runScriptAsRawText(ScriptEngine.java:119)
	at com.kms.katalon.core.main.TestCaseExecutor.runScript(TestCaseExecutor.java:430)
	at com.kms.katalon.core.main.TestCaseExecutor.doExecute(TestCaseExecutor.java:421)
	at com.kms.katalon.core.main.TestCaseExecutor.processExecutionPhase(TestCaseExecutor.java:400)
	at com.kms.katalon.core.main.TestCaseExecutor.accessMainPhase(TestCaseExecutor.java:392)
	at com.kms.katalon.core.main.TestCaseExecutor.execute(TestCaseExecutor.java:273)
	at com.kms.katalon.core.main.TestCaseExecutor.execute(TestCaseExecutor.java:351)
	at com.kms.katalon.core.main.TestCaseExecutor.execute(TestCaseExecutor.java:351)
	at com.kms.katalon.core.main.TestCaseExecutor.execute(TestCaseExecutor.java:351)
	at com.kms.katalon.core.main.TestSuiteExecutor.accessTestCaseMainPhase(TestSuiteExecutor.java:202)
	at com.kms.katalon.core.main.TestSuiteExecutor.accessTestSuiteMainPhase(TestSuiteExecutor.java:164)
	at com.kms.katalon.core.main.TestSuiteExecutor.execute(TestSuiteExecutor.java:105)
	at com.kms.katalon.core.main.TestCaseMain.startTestSuite(TestCaseMain.java:185)
	at com.kms.katalon.core.main.TestCaseMain$startTestSuite$0.call(Unknown Source)
	at TempTestSuite1634387390805.run(TempTestSuite1634387390805.groovy:36)]]></system-out>
         <system-err><![CDATA[2021-10-16 15:29:59 - [TEST_CASE][ERROR] - Test Cases/loginTest: Test Cases/loginTest FAILED.
Reason:
groovy.lang.MissingPropertyException: No such property: driver for class: Script1634239580769
	at loginTest.run(loginTest:46)
	at com.kms.katalon.core.main.ScriptEngine.run(ScriptEngine.java:194)
	at com.kms.katalon.core.main.ScriptEngine.runScriptAsRawText(ScriptEngine.java:119)
	at com.kms.katalon.core.main.TestCaseExecutor.runScript(TestCaseExecutor.java:430)
	at com.kms.katalon.core.main.TestCaseExecutor.doExecute(TestCaseExecutor.java:421)
	at com.kms.katalon.core.main.TestCaseExecutor.processExecutionPhase(TestCaseExecutor.java:400)
	at com.kms.katalon.core.main.TestCaseExecutor.accessMainPhase(TestCaseExecutor.java:392)
	at com.kms.katalon.core.main.TestCaseExecutor.execute(TestCaseExecutor.java:273)
	at com.kms.katalon.core.main.TestCaseExecutor.execute(TestCaseExecutor.java:351)
	at com.kms.katalon.core.main.TestCaseExecutor.execute(TestCaseExecutor.java:351)
	at com.kms.katalon.core.main.TestCaseExecutor.execute(TestCaseExecutor.java:351)
	at com.kms.katalon.core.main.TestSuiteExecutor.accessTestCaseMainPhase(TestSuiteExecutor.java:202)
	at com.kms.katalon.core.main.TestSuiteExecutor.accessTestSuiteMainPhase(TestSuiteExecutor.java:164)
	at com.kms.katalon.core.main.TestSuiteExecutor.execute(TestSuiteExecutor.java:105)
	at com.kms.katalon.core.main.TestCaseMain.startTestSuite(TestCaseMain.java:185)
	at com.kms.katalon.core.main.TestCaseMain$startTestSuite$0.call(Unknown Source)
	at TempTestSuite1634387390805.run(TempTestSuite1634387390805.groovy:36)]]></system-err>
      </testcase>
      <system-out><![CDATA[2021-10-16 15:29:53 - [TEST_SUITE][ERROR] - testVimeo: Test Cases/loginTest FAILED.
Reason:
groovy.lang.MissingPropertyException: No such property: driver for class: Script1634239580769
	at loginTest.run(loginTest:46)
	at com.kms.katalon.core.main.ScriptEngine.run(ScriptEngine.java:194)
	at com.kms.katalon.core.main.ScriptEngine.runScriptAsRawText(ScriptEngine.java:119)
	at com.kms.katalon.core.main.TestCaseExecutor.runScript(TestCaseExecutor.java:430)
	at com.kms.katalon.core.main.TestCaseExecutor.doExecute(TestCaseExecutor.java:421)
	at com.kms.katalon.core.main.TestCaseExecutor.processExecutionPhase(TestCaseExecutor.java:400)
	at com.kms.katalon.core.main.TestCaseExecutor.accessMainPhase(TestCaseExecutor.java:392)
	at com.kms.katalon.core.main.TestCaseExecutor.execute(TestCaseExecutor.java:273)
	at com.kms.katalon.core.main.TestSuiteExecutor.accessTestCaseMainPhase(TestSuiteExecutor.java:202)
	at com.kms.katalon.core.main.TestSuiteExecutor.accessTestSuiteMainPhase(TestSuiteExecutor.java:164)
	at com.kms.katalon.core.main.TestSuiteExecutor.execute(TestSuiteExecutor.java:105)
	at com.kms.katalon.core.main.TestCaseMain.startTestSuite(TestCaseMain.java:185)
	at com.kms.katalon.core.main.TestCaseMain$startTestSuite$0.call(Unknown Source)
	at TempTestSuite1634387390805.run(TempTestSuite1634387390805.groovy:36)]]></system-out>
      <system-err><![CDATA[2021-10-16 15:29:53 - [TEST_SUITE][ERROR] - testVimeo: Test Cases/loginTest FAILED.
Reason:
groovy.lang.MissingPropertyException: No such property: driver for class: Script1634239580769
	at loginTest.run(loginTest:46)
	at com.kms.katalon.core.main.ScriptEngine.run(ScriptEngine.java:194)
	at com.kms.katalon.core.main.ScriptEngine.runScriptAsRawText(ScriptEngine.java:119)
	at com.kms.katalon.core.main.TestCaseExecutor.runScript(TestCaseExecutor.java:430)
	at com.kms.katalon.core.main.TestCaseExecutor.doExecute(TestCaseExecutor.java:421)
	at com.kms.katalon.core.main.TestCaseExecutor.processExecutionPhase(TestCaseExecutor.java:400)
	at com.kms.katalon.core.main.TestCaseExecutor.accessMainPhase(TestCaseExecutor.java:392)
	at com.kms.katalon.core.main.TestCaseExecutor.execute(TestCaseExecutor.java:273)
	at com.kms.katalon.core.main.TestSuiteExecutor.accessTestCaseMainPhase(TestSuiteExecutor.java:202)
	at com.kms.katalon.core.main.TestSuiteExecutor.accessTestSuiteMainPhase(TestSuiteExecutor.java:164)
	at com.kms.katalon.core.main.TestSuiteExecutor.execute(TestSuiteExecutor.java:105)
	at com.kms.katalon.core.main.TestCaseMain.startTestSuite(TestCaseMain.java:185)
	at com.kms.katalon.core.main.TestCaseMain$startTestSuite$0.call(Unknown Source)
	at TempTestSuite1634387390805.run(TempTestSuite1634387390805.groovy:36)]]></system-err>
   </testsuite>
</testsuites>
